/cyuxuan/java/jvm-source/jdk-jdk8-b120/hotspot/src/share/vm/asm
/cyuxuan/java/jvm-source/jdk-jdk8-b120/hotspot/src/share/vm/c1
/cyuxuan/java/jvm-source/jdk-jdk8-b120/hotspot/src/share/vm/ci
/cyuxuan/java/jvm-source/jdk-jdk8-b120/hotspot/src/share/vm/classfile
/cyuxuan/java/jvm-source/jdk-jdk8-b120/hotspot/src/share/vm/code
/cyuxuan/java/jvm-source/jdk-jdk8-b120/hotspot/src/share/vm/compiler
/cyuxuan/java/jvm-source/jdk-jdk8-b120/hotspot/src/share/vm/gc_implementation
/cyuxuan/java/jvm-source/jdk-jdk8-b120/hotspot/src/share/vm/gc_implementation/g1
/cyuxuan/java/jvm-source/jdk-jdk8-b120/hotspot/src/share/vm/gc_implementation/parallelScavenge
/cyuxuan/java/jvm-source/jdk-jdk8-b120/hotspot/src/share/vm/gc_implementation/concurrentMarkSweep
/cyuxuan/java/jvm-source/jdk-jdk8-b120/hotspot/src/share/vm/gc_implementation/parNew
/cyuxuan/java/jvm-source/jdk-jdk8-b120/hotspot/src/share/vm/gc_implementation/shared
/cyuxuan/java/jvm-source/jdk-jdk8-b120/hotspot/src/share/vm/gc_interface
/cyuxuan/java/jvm-source/jdk-jdk8-b120/hotspot/src/share/vm/interpreter
/cyuxuan/java/jvm-source/jdk-jdk8-b120/hotspot/src/share/vm/libadt
/cyuxuan/java/jvm-source/jdk-jdk8-b120/hotspot/src/share/vm/memory
/cyuxuan/java/jvm-source/jdk-jdk8-b120/hotspot/src/share/vm/oops
/cyuxuan/java/jvm-source/jdk-jdk8-b120/hotspot/src/share/vm/opto
/cyuxuan/java/jvm-source/jdk-jdk8-b120/hotspot/src/share/vm/precompiled
/cyuxuan/java/jvm-source/jdk-jdk8-b120/hotspot/src/share/vm/prims
/cyuxuan/java/jvm-source/jdk-jdk8-b120/hotspot/src/share/vm/prims/wbtestmethods
/cyuxuan/java/jvm-source/jdk-jdk8-b120/hotspot/src/share/vm/runtime
/cyuxuan/java/jvm-source/jdk-jdk8-b120/hotspot/src/share/vm/services
/cyuxuan/java/jvm-source/jdk-jdk8-b120/hotspot/src/share/vm/shark
/cyuxuan/java/jvm-source/jdk-jdk8-b120/hotspot/src/share/vm/trace
/cyuxuan/java/jvm-source/jdk-jdk8-b120/hotspot/src/share/vm/utilities
