## Starting langtools
## Finished langtools (build time 00:00:00)

## Starting hotspot
## Finished hotspot (build time 00:00:00)

## Starting corba
## Finished corba (build time 00:00:00)

## Starting jaxp
## Finished jaxp (build time 00:00:00)

## Starting jaxws
## Finished jaxws (build time 00:00:00)

## Starting jdk
## Finished jdk (build time 00:00:02)

----- Build times -------
Start 2022-06-18 16:06:06
End   2022-06-18 16:06:09
00:00:00 corba
00:00:00 hotspot
00:00:00 jaxp
00:00:00 jaxws
00:00:02 jdk
00:00:00 langtools
00:00:03 TOTAL
-------------------------
